INFO 2026-01-14 23:17:39 autoreload 6996 18020 Watching for file changes with StatReloader
INFO 2026-01-14 23:18:27 autoreload 6996 18020 C:\Django_Project\django_react_crud\backend\backend\settings.py changed, reloading.
INFO 2026-01-14 23:18:28 autoreload 26120 28576 Watching for file changes with StatReloader
INFO 2026-01-14 23:19:45 basehttp 26120 26068 "GET /admin/ HTTP/1.1" 302 0
INFO 2026-01-14 23:19:45 basehttp 26120 26068 "GET /admin/login/?next=/admin/ HTTP/1.1" 200 4173
INFO 2026-01-14 23:19:45 basehttp 26120 26068 "GET /static/admin/css/base.css HTTP/1.1" 200 22120
INFO 2026-01-14 23:19:45 basehttp 26120 26068 "GET /static/admin/css/login.css HTTP/1.1" 200 951
INFO 2026-01-14 23:19:45 basehttp 26120 26068 "GET /static/admin/css/responsive.css HTTP/1.1" 200 16565
INFO 2026-01-14 23:19:45 basehttp 26120 26068 "GET /static/admin/js/theme.js HTTP/1.1" 200 1653
INFO 2026-01-14 23:19:45 basehttp 26120 4560 "GET /static/admin/css/dark_mode.css HTTP/1.1" 200 2808
INFO 2026-01-14 23:19:45 basehttp 26120 4560 "GET /static/admin/js/nav_sidebar.js HTTP/1.1" 200 3063
INFO 2026-01-14 23:19:45 basehttp 26120 30588 "GET /static/admin/css/nav_sidebar.css HTTP/1.1" 200 2810
WARNING 2026-01-14 23:19:45 basehttp 26120 30588 "GET /favicon.ico HTTP/1.1" 404 3585
INFO 2026-01-14 23:21:28 basehttp 26120 21356 "GET /api/posts/featured/ HTTP/1.1" 200 6709
INFO 2026-01-14 23:21:28 basehttp 26120 14744 "GET /api/posts/featured/ HTTP/1.1" 200 6709
INFO 2026-01-14 23:21:28 basehttp 26120 14744 "GET /api/posts/published/ HTTP/1.1" 200 6709
INFO 2026-01-14 23:21:28 basehttp 26120 14744 "GET /api/categories/ HTTP/1.1" 200 612
INFO 2026-01-14 23:21:28 basehttp 26120 21356 "GET /api/posts/published/ HTTP/1.1" 200 6709
INFO 2026-01-14 23:21:28 basehttp 26120 14744 "GET /api/posts/trending/ HTTP/1.1" 200 6709
INFO 2026-01-14 23:21:28 basehttp 26120 21356 "GET /api/categories/ HTTP/1.1" 200 612
INFO 2026-01-14 23:21:28 basehttp 26120 21356 "GET /api/posts/trending/ HTTP/1.1" 200 6709
INFO 2026-01-14 23:22:31 basehttp 26120 7068 "GET /api/posts/featured/ HTTP/1.1" 200 6709
INFO 2026-01-14 23:22:31 basehttp 26120 26984 "GET /api/posts/featured/ HTTP/1.1" 200 6709
INFO 2026-01-14 23:22:31 basehttp 26120 7068 "GET /api/posts/published/ HTTP/1.1" 200 6709
INFO 2026-01-14 23:22:31 basehttp 26120 7068 "GET /api/categories/ HTTP/1.1" 200 612
INFO 2026-01-14 23:22:31 basehttp 26120 26984 "GET /api/posts/published/ HTTP/1.1" 200 6709
INFO 2026-01-14 23:22:31 basehttp 26120 26984 "GET /api/categories/ HTTP/1.1" 200 612
INFO 2026-01-14 23:22:31 basehttp 26120 7068 "GET /api/posts/trending/ HTTP/1.1" 200 6709
INFO 2026-01-14 23:22:31 basehttp 26120 26984 "GET /api/posts/trending/ HTTP/1.1" 200 6709
INFO 2026-01-14 23:25:01 basehttp 26120 28968 "GET /api/posts/featured/ HTTP/1.1" 200 6709
INFO 2026-01-14 23:25:02 basehttp 26120 10132 "GET /api/posts/featured/ HTTP/1.1" 200 6709
INFO 2026-01-14 23:25:02 basehttp 26120 28968 "GET /api/posts/published/ HTTP/1.1" 200 6709
INFO 2026-01-14 23:25:02 basehttp 26120 10132 "GET /api/posts/published/ HTTP/1.1" 200 6709
INFO 2026-01-14 23:25:02 basehttp 26120 28968 "GET /api/categories/ HTTP/1.1" 200 612
INFO 2026-01-14 23:25:02 basehttp 26120 10132 "GET /api/categories/ HTTP/1.1" 200 612
INFO 2026-01-14 23:25:02 basehttp 26120 28968 "GET /api/posts/trending/ HTTP/1.1" 200 6709
INFO 2026-01-14 23:25:02 basehttp 26120 10132 "GET /api/posts/trending/ HTTP/1.1" 200 6709
INFO 2026-01-14 23:25:50 basehttp 26120 21972 "POST /admin/login/?next=/admin/ HTTP/1.1" 302 0
INFO 2026-01-14 23:25:50 basehttp 26120 21972 "GET /admin/ HTTP/1.1" 200 16101
INFO 2026-01-14 23:25:50 basehttp 26120 21972 "GET /static/admin/css/dashboard.css HTTP/1.1" 200 441
INFO 2026-01-14 23:25:50 basehttp 26120 28660 "GET /static/admin/img/icon-changelink.svg HTTP/1.1" 200 380
INFO 2026-01-14 23:25:50 basehttp 26120 21972 "GET /static/admin/img/icon-addlink.svg HTTP/1.1" 200 331
INFO 2026-01-14 23:25:58 basehttp 26120 7656 "GET /admin/cms/post/add/ HTTP/1.1" 200 29316
INFO 2026-01-14 23:25:58 basehttp 26120 7656 "GET /static/admin/css/forms.css HTTP/1.1" 200 8525
INFO 2026-01-14 23:25:58 basehttp 26120 4348 "GET /admin/jsi18n/ HTTP/1.1" 200 3342
INFO 2026-01-14 23:25:58 basehttp 26120 4348 "GET /static/admin/css/widgets.css HTTP/1.1" 200 11973
INFO 2026-01-14 23:25:58 basehttp 26120 23368 "GET /static/admin/js/jquery.init.js HTTP/1.1" 200 347
INFO 2026-01-14 23:25:58 basehttp 26120 4348 "GET /static/admin/js/calendar.js HTTP/1.1" 200 9141
INFO 2026-01-14 23:25:58 basehttp 26120 4348 "GET /static/admin/js/core.js HTTP/1.1" 200 6208
INFO 2026-01-14 23:25:58 basehttp 26120 23368 "GET /static/admin/js/admin/DateTimeShortcuts.js HTTP/1.1" 200 19319
INFO 2026-01-14 23:25:58 basehttp 26120 23368 "GET /static/admin/js/SelectBox.js HTTP/1.1" 200 4530
INFO 2026-01-14 23:25:58 basehttp 26120 7656 "GET /static/admin/js/vendor/jquery/jquery.js HTTP/1.1" 200 285314
INFO 2026-01-14 23:25:58 basehttp 26120 4348 "GET /static/admin/js/admin/RelatedObjectLookups.js HTTP/1.1" 200 9777
INFO 2026-01-14 23:25:58 basehttp 26120 23368 "GET /static/admin/js/actions.js HTTP/1.1" 200 8076
INFO 2026-01-14 23:25:58 basehttp 26120 4348 "GET /static/admin/js/urlify.js HTTP/1.1" 200 7887
INFO 2026-01-14 23:25:58 basehttp 26120 23368 "GET /static/admin/js/prepopulate.js HTTP/1.1" 200 1531
INFO 2026-01-14 23:25:58 basehttp 26120 7656 "GET /static/admin/js/SelectFilter2.js HTTP/1.1" 200 15845
INFO 2026-01-14 23:25:58 basehttp 26120 7656 "GET /static/admin/js/prepopulate_init.js HTTP/1.1" 200 586
INFO 2026-01-14 23:25:58 basehttp 26120 7656 "GET /static/admin/img/icon-viewlink.svg HTTP/1.1" 200 581
INFO 2026-01-14 23:25:58 basehttp 26120 7656 "GET /static/admin/img/icon-deletelink.svg HTTP/1.1" 200 392
INFO 2026-01-14 23:25:58 basehttp 26120 7656 "GET /static/admin/js/change_form.js HTTP/1.1" 200 606
INFO 2026-01-14 23:25:58 basehttp 26120 4348 "GET /static/admin/js/vendor/xregexp/xregexp.js HTTP/1.1" 200 325171
INFO 2026-01-14 23:25:58 basehttp 26120 8992 "GET /static/admin/img/icon-clock.svg HTTP/1.1" 200 677
INFO 2026-01-14 23:25:58 basehttp 26120 23368 "GET /static/admin/img/icon-calendar.svg HTTP/1.1" 200 1086
INFO 2026-01-14 23:25:58 basehttp 26120 4348 "GET /static/admin/img/search.svg HTTP/1.1" 200 458
INFO 2026-01-14 23:25:58 basehttp 26120 7656 "GET /static/admin/img/selector-icons.svg HTTP/1.1" 200 3291
INFO 2026-01-14 23:30:21 basehttp 26120 9228 "POST /admin/cms/post/add/ HTTP/1.1" 302 0
INFO 2026-01-14 23:30:21 basehttp 26120 9228 "GET /admin/cms/post/ HTTP/1.1" 200 20377
INFO 2026-01-14 23:30:21 basehttp 26120 9228 "GET /static/admin/css/changelists.css HTTP/1.1" 200 6878
INFO 2026-01-14 23:30:21 basehttp 26120 15496 "GET /admin/jsi18n/ HTTP/1.1" 200 3342
INFO 2026-01-14 23:30:21 basehttp 26120 15496 "GET /static/admin/img/icon-yes.svg HTTP/1.1" 200 436
INFO 2026-01-14 23:30:21 basehttp 26120 15496 "GET /static/admin/js/filters.js HTTP/1.1" 200 978
INFO 2026-01-14 23:30:21 basehttp 26120 15496 "GET /static/admin/img/tooltag-add.svg HTTP/1.1" 200 331
INFO 2026-01-14 23:30:21 basehttp 26120 9228 "GET /static/admin/img/sorting-icons.svg HTTP/1.1" 200 1097
INFO 2026-01-14 23:30:26 basehttp 26120 16072 "GET /api/posts/featured/ HTTP/1.1" 200 6709
INFO 2026-01-14 23:30:26 basehttp 26120 8016 "GET /api/posts/featured/ HTTP/1.1" 200 6709
INFO 2026-01-14 23:30:26 basehttp 26120 16072 "GET /api/posts/published/ HTTP/1.1" 200 6709
INFO 2026-01-14 23:30:27 basehttp 26120 16072 "GET /api/categories/ HTTP/1.1" 200 612
INFO 2026-01-14 23:30:27 basehttp 26120 8016 "GET /api/posts/published/ HTTP/1.1" 200 6709
INFO 2026-01-14 23:30:27 basehttp 26120 16072 "GET /api/posts/trending/ HTTP/1.1" 200 6709
INFO 2026-01-14 23:30:27 basehttp 26120 8016 "GET /api/categories/ HTTP/1.1" 200 612
INFO 2026-01-14 23:30:27 basehttp 26120 8016 "GET /api/posts/trending/ HTTP/1.1" 200 6709
INFO 2026-01-14 23:30:36 basehttp 26120 12472 "GET /api/posts/featured/ HTTP/1.1" 200 6709
INFO 2026-01-14 23:30:36 basehttp 26120 22996 "GET /api/posts/featured/ HTTP/1.1" 200 6709
INFO 2026-01-14 23:30:36 basehttp 26120 12472 "GET /api/posts/published/ HTTP/1.1" 200 6709
INFO 2026-01-14 23:30:36 basehttp 26120 22996 "GET /api/categories/ HTTP/1.1" 200 612
INFO 2026-01-14 23:30:36 basehttp 26120 12472 "GET /api/posts/published/ HTTP/1.1" 200 6709
INFO 2026-01-14 23:30:36 basehttp 26120 12472 "GET /api/categories/ HTTP/1.1" 200 612
INFO 2026-01-14 23:30:36 basehttp 26120 22996 "GET /api/posts/trending/ HTTP/1.1" 200 6709
INFO 2026-01-14 23:30:36 basehttp 26120 12472 "GET /api/posts/trending/ HTTP/1.1" 200 6709
INFO 2026-01-14 23:30:40 basehttp 26120 27640 "GET /admin/cms/post/ HTTP/1.1" 200 20091
INFO 2026-01-14 23:30:40 basehttp 26120 27640 "GET /admin/jsi18n/ HTTP/1.1" 200 3342
INFO 2026-01-14 23:30:42 basehttp 26120 13344 "GET /api/posts/featured/ HTTP/1.1" 200 6709
INFO 2026-01-14 23:30:42 basehttp 26120 13344 "GET /api/posts/published/ HTTP/1.1" 200 6709
INFO 2026-01-14 23:30:42 basehttp 26120 20520 "GET /api/posts/featured/ HTTP/1.1" 200 6709
INFO 2026-01-14 23:30:43 basehttp 26120 20520 "GET /api/categories/ HTTP/1.1" 200 612
INFO 2026-01-14 23:30:43 basehttp 26120 13344 "GET /api/posts/published/ HTTP/1.1" 200 6709
INFO 2026-01-14 23:30:43 basehttp 26120 13344 "GET /api/categories/ HTTP/1.1" 200 612
INFO 2026-01-14 23:30:43 basehttp 26120 20520 "GET /api/posts/trending/ HTTP/1.1" 200 6709
INFO 2026-01-14 23:30:43 basehttp 26120 13344 "GET /api/posts/trending/ HTTP/1.1" 200 6709
INFO 2026-01-14 23:31:42 basehttp 26120 16700 "GET /api/posts/featured/ HTTP/1.1" 200 6709
INFO 2026-01-14 23:31:42 basehttp 26120 11688 "GET /api/posts/featured/ HTTP/1.1" 200 6709
INFO 2026-01-14 23:31:42 basehttp 26120 16700 "GET /api/posts/published/ HTTP/1.1" 200 6709
INFO 2026-01-14 23:31:42 basehttp 26120 16700 "GET /api/categories/ HTTP/1.1" 200 612
INFO 2026-01-14 23:31:42 basehttp 26120 11688 "GET /api/posts/published/ HTTP/1.1" 200 6709
INFO 2026-01-14 23:31:42 basehttp 26120 11688 "GET /api/categories/ HTTP/1.1" 200 612
INFO 2026-01-14 23:31:42 basehttp 26120 16700 "GET /api/posts/trending/ HTTP/1.1" 200 6709
INFO 2026-01-14 23:31:42 basehttp 26120 11688 "GET /api/posts/trending/ HTTP/1.1" 200 6709
INFO 2026-01-14 23:32:02 basehttp 26120 21652 "GET /admin/cms/postlike/add/ HTTP/1.1" 200 16807
INFO 2026-01-14 23:32:02 basehttp 26120 21652 "GET /admin/jsi18n/ HTTP/1.1" 200 3342
INFO 2026-01-14 23:32:09 basehttp 26120 21652 "POST /admin/cms/postlike/add/ HTTP/1.1" 302 0
INFO 2026-01-14 23:32:09 basehttp 26120 21652 "GET /admin/cms/postlike/ HTTP/1.1" 200 15804
INFO 2026-01-14 23:32:09 basehttp 26120 21652 "GET /admin/jsi18n/ HTTP/1.1" 200 3342
INFO 2026-01-14 23:32:19 basehttp 26120 28508 "GET /admin/cms/sitesettings/add/ HTTP/1.1" 200 17246
INFO 2026-01-14 23:32:19 basehttp 26120 28508 "GET /admin/jsi18n/ HTTP/1.1" 200 3342
INFO 2026-01-14 23:32:25 basehttp 26120 15056 "GET /admin/cms/tag/add/ HTTP/1.1" 200 13670
INFO 2026-01-14 23:32:25 basehttp 26120 15056 "GET /admin/jsi18n/ HTTP/1.1" 200 3342
INFO 2026-01-14 23:32:29 basehttp 26120 15056 "GET /admin/cms/comment/add/ HTTP/1.1" 200 23796
INFO 2026-01-14 23:32:29 basehttp 26120 15056 "GET /admin/jsi18n/ HTTP/1.1" 200 3342
INFO 2026-01-14 23:32:47 basehttp 26120 21900 "GET /admin/cms/post/ HTTP/1.1" 200 20091
INFO 2026-01-14 23:32:47 basehttp 26120 21900 "GET /admin/jsi18n/ HTTP/1.1" 200 3342
INFO 2026-01-14 23:32:54 basehttp 26120 23760 "GET /admin/cms/post/4/change/ HTTP/1.1" 200 33273
INFO 2026-01-14 23:32:54 basehttp 26120 23760 "GET /admin/jsi18n/ HTTP/1.1" 200 3342
INFO 2026-01-14 23:33:04 basehttp 26120 20492 "POST /admin/cms/post/4/change/ HTTP/1.1" 302 0
INFO 2026-01-14 23:33:04 basehttp 26120 20492 "GET /admin/cms/post/ HTTP/1.1" 200 20383
INFO 2026-01-14 23:33:04 basehttp 26120 20492 "GET /admin/jsi18n/ HTTP/1.1" 200 3342
INFO 2026-01-14 23:33:08 basehttp 26120 3120 "GET /api/posts/featured/ HTTP/1.1" 200 10497
INFO 2026-01-14 23:33:08 basehttp 26120 3120 "GET /api/posts/featured/ HTTP/1.1" 200 10497
INFO 2026-01-14 23:33:08 basehttp 26120 28456 "GET /api/posts/published/ HTTP/1.1" 200 10497
INFO 2026-01-14 23:33:08 basehttp 26120 28456 "GET /api/categories/ HTTP/1.1" 200 612
INFO 2026-01-14 23:33:08 basehttp 26120 3120 "GET /api/posts/published/ HTTP/1.1" 200 10497
INFO 2026-01-14 23:33:08 basehttp 26120 3120 "GET /api/categories/ HTTP/1.1" 200 612
INFO 2026-01-14 23:33:08 basehttp 26120 28456 "GET /api/posts/trending/ HTTP/1.1" 200 10497
INFO 2026-01-14 23:33:08 basehttp 26120 3120 "GET /api/posts/trending/ HTTP/1.1" 200 10497
INFO 2026-01-14 23:33:08 basehttp 26120 19004 "GET /media/posts/post_DmxUWSM.jpg HTTP/1.1" 200 81615
INFO 2026-01-14 23:34:35 basehttp 26120 20492 "GET /admin/cms/post/add/ HTTP/1.1" 200 29316
INFO 2026-01-14 23:34:35 basehttp 26120 20492 "GET /admin/jsi18n/ HTTP/1.1" 200 3342
INFO 2026-01-14 23:36:06 basehttp 26120 20492 "POST /admin/cms/post/add/ HTTP/1.1" 302 0
INFO 2026-01-14 23:36:06 basehttp 26120 20492 "GET /admin/cms/post/ HTTP/1.1" 200 21127
INFO 2026-01-14 23:36:06 basehttp 26120 20492 "GET /admin/jsi18n/ HTTP/1.1" 200 3342
INFO 2026-01-14 23:36:11 basehttp 26120 3120 "GET /api/posts/featured/ HTTP/1.1" 200 15395
INFO 2026-01-14 23:36:11 basehttp 26120 28456 "GET /api/posts/featured/ HTTP/1.1" 200 15395
INFO 2026-01-14 23:36:11 basehttp 26120 3120 "GET /api/posts/published/ HTTP/1.1" 200 15395
INFO 2026-01-14 23:36:11 basehttp 26120 3120 "GET /api/categories/ HTTP/1.1" 200 612
INFO 2026-01-14 23:36:11 basehttp 26120 28456 "GET /api/posts/published/ HTTP/1.1" 200 15395
INFO 2026-01-14 23:36:11 basehttp 26120 28456 "GET /api/categories/ HTTP/1.1" 200 612
INFO 2026-01-14 23:36:11 basehttp 26120 3120 "GET /api/posts/trending/ HTTP/1.1" 200 15395
INFO 2026-01-14 23:36:12 basehttp 26120 25284 "GET /media/posts/post_DmxUWSM.jpg HTTP/1.1" 304 0
INFO 2026-01-14 23:36:12 basehttp 26120 28456 "GET /api/posts/trending/ HTTP/1.1" 200 15395
INFO 2026-01-14 23:36:12 basehttp 26120 19004 "GET /media/posts/post_9yQNp0M.jpg HTTP/1.1" 200 81615
INFO 2026-01-15 21:51:22 autoreload 4904 5804 Watching for file changes with StatReloader
INFO 2026-01-15 21:51:49 basehttp 4904 15980 "GET /api/posts/featured/ HTTP/1.1" 200 15395
INFO 2026-01-15 21:51:49 basehttp 4904 30604 "GET /api/posts/featured/ HTTP/1.1" 200 15395
INFO 2026-01-15 21:51:49 basehttp 4904 30604 "GET /api/posts/published/ HTTP/1.1" 200 15395
INFO 2026-01-15 21:51:49 basehttp 4904 30604 "GET /api/categories/ HTTP/1.1" 200 612
INFO 2026-01-15 21:51:49 basehttp 4904 15980 "GET /api/posts/published/ HTTP/1.1" 200 15395
INFO 2026-01-15 21:51:49 basehttp 4904 15980 "GET /api/categories/ HTTP/1.1" 200 612
INFO 2026-01-15 21:51:49 basehttp 4904 30604 "GET /api/posts/trending/ HTTP/1.1" 200 15395
INFO 2026-01-15 21:51:49 basehttp 4904 15980 "GET /api/posts/trending/ HTTP/1.1" 200 15395
INFO 2026-01-15 21:51:49 basehttp 4904 8272 "GET /media/posts/post_DmxUWSM.jpg HTTP/1.1" 304 0
INFO 2026-01-15 21:51:49 basehttp 4904 25224 "GET /media/posts/post_MfGxf98.jpg HTTP/1.1" 304 0
INFO 2026-01-15 21:51:49 basehttp 4904 5916 "GET /media/posts/post.jpg HTTP/1.1" 304 0
INFO 2026-01-15 21:51:49 basehttp 4904 11904 "GET /media/posts/post_oJLEZ0u.jpg HTTP/1.1" 304 0
INFO 2026-01-15 21:51:49 basehttp 4904 21960 "GET /media/posts/post_9yQNp0M.jpg HTTP/1.1" 200 81615
